<?xml version="1.0" encoding="UTF-8"?>
<!-- Generated by org.testng.reporters.JUnitXMLReporter -->
<testsuite hostname="LAPTOP-0Q05B1U5" ignored="0" name="FirefoxTest" tests="4" failures="0" timestamp="20 Jun 2019 12:22:13 GMT" time="136.817" errors="0">
  <testcase name="login" time="19.269" classname="verifyProductCart.testEbay"/>
  <testcase name="browse" time="48.461" classname="verifyProductCart.testEbay"/>
  <testcase name="item_2" time="34.955" classname="verifyProductCart.testEbay"/>
  <testcase name="deleteItem" time="11.047" classname="verifyProductCart.testEbay"/>
</testsuite> <!-- FirefoxTest -->
